<?xml version="1.0" encoding="UTF-8" ?>
<testsuites errors="0"
            failures="1"
            tests="1">

  <testsuite name="_image-viewer"
    errors="0" failures="1" hostname="" id="" package="_image-viewer" skipped="0"
    tests="1" time="5.108" timestamp="Sun, 04 Mar 2018 18:54:42 GMT">
  
    <testcase name="e1-image-viewer" classname="_image-viewer" time="5.108" assertions="2">

    

    <failure message="AssertionError: expected 23081 to equal 0 - expected &#34;0&#34; but got: &#34;23081&#34;">    at Object.&lt;anonymous&gt; (/Users/chriskelsey/Sites/ck/e1/tests/_image-viewer.js:48:40)
    at compare (/Users/chriskelsey/Sites/ck/e1/custom-commands/compareImages.js:23:22)
    at doneReading (/Users/chriskelsey/Sites/ck/e1/custom-commands/compareImages.js:17:17)
    at FSReqWrap.readFileAfterClose [as oncomplete] (fs.js:511:3)</failure>
    </testcase>
  

  
    <system-err>
      ERROR: Unable to locate element: &#34;[e1-accordian-toggle=&#34;one&#34;]&#34; using: css selector
    at Object.e1-accordian (/Users/chriskelsey/Sites/ck/e1/tests/accordian.js:8:18)
    at Module.call (/Users/chriskelsey/Sites/ck/e1/node_modules/nightwatch/lib/runner/module.js:62:34)
    at /Users/chriskelsey/Sites/ck/e1/node_modules/nightwatch/lib/runner/testcase.js:70:29
    at _fulfilled (/Users/chriskelsey/Sites/ck/e1/node_modules/nightwatch/node_modules/q/q.js:834:54)
    at self.promiseDispatch.done (/Users/chriskelsey/Sites/ck/e1/node_modules/nightwatch/node_modules/q/q.js:863:30)
    at Promise.promise.promiseDispatch (/Users/chriskelsey/Sites/ck/e1/node_modules/nightwatch/node_modules/q/q.js:796:13)
    at /Users/chriskelsey/Sites/ck/e1/node_modules/nightwatch/node_modules/q/q.js:556:49
    at runSingle (/Users/chriskelsey/Sites/ck/e1/node_modules/nightwatch/node_modules/q/q.js:137:13)
    at flush (/Users/chriskelsey/Sites/ck/e1/node_modules/nightwatch/node_modules/q/q.js:125:13)
    at _combinedTickCallback (internal/process/next_tick.js:131:7)
    </system-err>
  

  
  </testsuite>
</testsuites>
